<?xml version="1.0" encoding="UTF-8" standalone="no"?><MoodMap><MoodMapReading><MoodMapValue>140</MoodMapValue><MoodMapLongitude>14.487617755003868</MoodMapLongitude><MoodMaplatitude>35.9232054039299</MoodMaplatitude></MoodMapReading><MoodMapReading><MoodMapValue>130</MoodMapValue><MoodMapLongitude>14.487617755003868</MoodMapLongitude><MoodMaplatitude>35.92350484235794</MoodMaplatitude></MoodMapReading><MoodMapReading><MoodMapValue>176</MoodMapValue><MoodMapLongitude>14.487617755003868</MoodMapLongitude><MoodMaplatitude>35.92380428078598</MoodMaplatitude></MoodMapReading><MoodMapReading><MoodMapValue>113</MoodMapValue><MoodMapLongitude>14.487617755003868</MoodMapLongitude><MoodMaplatitude>35.924103719214024</MoodMaplatitude></MoodMapReading><MoodMapReading><MoodMapValue>18</MoodMapValue><MoodMapLongitude>14.48798752501975</MoodMapLongitude><MoodMaplatitude>35.92290596550186</MoodMaplatitude></MoodMapReading><MoodMapReading><MoodMapValue>128</MoodMapValue><MoodMapLongitude>14.48798752501975</MoodMapLongitude><MoodMaplatitude>35.9232054039299</MoodMaplatitude></MoodMapReading><MoodMapReading><MoodMapValue>119</MoodMapValue><MoodMapLongitude>14.48798752501975</MoodMapLongitude><MoodMaplatitude>35.92350484235794</MoodMaplatitude></MoodMapReading><MoodMapReading><MoodMapValue>133</MoodMapValue><MoodMapLongitude>14.48798752501975</MoodMapLongitude><MoodMaplatitude>35.92380428078598</MoodMaplatitude></MoodMapReading><MoodMapReading><MoodMapValue>116</MoodMapValue><MoodMapLongitude>14.48798752501975</MoodMapLongitude><MoodMaplatitude>35.924103719214024</MoodMaplatitude></MoodMapReading><MoodMapReading><MoodMapValue>78</MoodMapValue><MoodMapLongitude>14.488357295035632</MoodMapLongitude><MoodMaplatitude>35.92290596550186</MoodMaplatitude></MoodMapReading><MoodMapReading><MoodMapValue>137</MoodMapValue><MoodMapLongitude>14.488357295035632</MoodMapLongitude><MoodMaplatitude>35.9232054039299</MoodMaplatitude></MoodMapReading><MoodMapReading><MoodMapValue>144</MoodMapValue><MoodMapLongitude>14.488357295035632</MoodMapLongitude><MoodMaplatitude>35.92350484235794</MoodMaplatitude></MoodMapReading><MoodMapReading><MoodMapValue>129</MoodMapValue><MoodMapLongitude>14.488357295035632</MoodMapLongitude><MoodMaplatitude>35.92380428078598</MoodMaplatitude></MoodMapReading><MoodMapReading><MoodMapValue>115</MoodMapValue><MoodMapLongitude>14.488357295035632</MoodMapLongitude><MoodMaplatitude>35.924103719214024</MoodMaplatitude></MoodMapReading><MoodMapReading><MoodMapValue>86</MoodMapValue><MoodMapLongitude>14.488357295035632</MoodMapLongitude><MoodMaplatitude>35.92440315764206</MoodMaplatitude></MoodMapReading><MoodMapReading><MoodMapValue>13</MoodMapValue><MoodMapLongitude>14.488727065051513</MoodMapLongitude><MoodMaplatitude>35.92290596550186</MoodMaplatitude></MoodMapReading><MoodMapReading><MoodMapValue>127</MoodMapValue><MoodMapLongitude>14.488727065051513</MoodMapLongitude><MoodMaplatitude>35.9232054039299</MoodMaplatitude></MoodMapReading><MoodMapReading><MoodMapValue>126</MoodMapValue><MoodMapLongitude>14.488727065051513</MoodMapLongitude><MoodMaplatitude>35.92350484235794</MoodMaplatitude></MoodMapReading><MoodMapReading><MoodMapValue>124</MoodMapValue><MoodMapLongitude>14.488727065051513</MoodMapLongitude><MoodMaplatitude>35.92380428078598</MoodMaplatitude></MoodMapReading><MoodMapReading><MoodMapValue>111</MoodMapValue><MoodMapLongitude>14.488727065051513</MoodMapLongitude><MoodMaplatitude>35.924103719214024</MoodMaplatitude></MoodMapReading><MoodMapReading><MoodMapValue>108</MoodMapValue><MoodMapLongitude>14.488727065051513</MoodMapLongitude><MoodMaplatitude>35.92440315764206</MoodMaplatitude></MoodMapReading><MoodMapReading><MoodMapValue>62</MoodMapValue><MoodMapLongitude>14.489096835067395</MoodMapLongitude><MoodMaplatitude>35.92290596550186</MoodMaplatitude></MoodMapReading><MoodMapReading><MoodMapValue>134</MoodMapValue><MoodMapLongitude>14.489096835067395</MoodMapLongitude><MoodMaplatitude>35.9232054039299</MoodMaplatitude></MoodMapReading><MoodMapReading><MoodMapValue>117</MoodMapValue><MoodMapLongitude>14.489096835067395</MoodMapLongitude><MoodMaplatitude>35.92350484235794</MoodMaplatitude></MoodMapReading><MoodMapReading><MoodMapValue>126</MoodMapValue><MoodMapLongitude>14.489096835067395</MoodMapLongitude><MoodMaplatitude>35.92380428078598</MoodMaplatitude></MoodMapReading><MoodMapReading><MoodMapValue>121</MoodMapValue><MoodMapLongitude>14.489096835067395</MoodMapLongitude><MoodMaplatitude>35.924103719214024</MoodMaplatitude></MoodMapReading><MoodMapReading><MoodMapValue>2</MoodMapValue><MoodMapLongitude>14.489096835067395</MoodMapLongitude><MoodMaplatitude>35.92440315764206</MoodMaplatitude></MoodMapReading><MoodMapReading><MoodMapValue>134</MoodMapValue><MoodMapLongitude>14.489466605083276</MoodMapLongitude><MoodMaplatitude>35.92290596550186</MoodMaplatitude></MoodMapReading><MoodMapReading><MoodMapValue>130</MoodMapValue><MoodMapLongitude>14.489466605083276</MoodMapLongitude><MoodMaplatitude>35.9232054039299</MoodMaplatitude></MoodMapReading><MoodMapReading><MoodMapValue>138</MoodMapValue><MoodMapLongitude>14.489466605083276</MoodMapLongitude><MoodMaplatitude>35.92350484235794</MoodMaplatitude></MoodMapReading><MoodMapReading><MoodMapValue>114</MoodMapValue><MoodMapLongitude>14.489466605083276</MoodMapLongitude><MoodMaplatitude>35.92380428078598</MoodMaplatitude></MoodMapReading><MoodMapReading><MoodMapValue>132</MoodMapValue><MoodMapLongitude>14.489466605083276</MoodMapLongitude><MoodMaplatitude>35.924103719214024</MoodMaplatitude></MoodMapReading><MoodMapReading><MoodMapValue>131</MoodMapValue><MoodMapLongitude>14.489836375099157</MoodMapLongitude><MoodMaplatitude>35.9232054039299</MoodMaplatitude></MoodMapReading><MoodMapReading><MoodMapValue>120</MoodMapValue><MoodMapLongitude>14.489836375099157</MoodMapLongitude><MoodMaplatitude>35.92350484235794</MoodMaplatitude></MoodMapReading><MoodMapReading><MoodMapValue>141</MoodMapValue><MoodMapLongitude>14.489836375099157</MoodMapLongitude><MoodMaplatitude>35.92380428078598</MoodMaplatitude></MoodMapReading><MoodMapReading><MoodMapValue>119</MoodMapValue><MoodMapLongitude>14.489836375099157</MoodMapLongitude><MoodMaplatitude>35.924103719214024</MoodMaplatitude></MoodMapReading><MoodMapReading><MoodMapValue>2</MoodMapValue><MoodMapLongitude>14.489836375099157</MoodMapLongitude><MoodMaplatitude>35.92440315764206</MoodMaplatitude></MoodMapReading><MoodMapReading><MoodMapValue>174</MoodMapValue><MoodMapLongitude>14.490206145115039</MoodMapLongitude><MoodMaplatitude>35.92290596550186</MoodMaplatitude></MoodMapReading><MoodMapReading><MoodMapValue>108</MoodMapValue><MoodMapLongitude>14.490206145115039</MoodMapLongitude><MoodMaplatitude>35.9232054039299</MoodMaplatitude></MoodMapReading><MoodMapReading><MoodMapValue>130</MoodMapValue><MoodMapLongitude>14.490206145115039</MoodMapLongitude><MoodMaplatitude>35.92350484235794</MoodMaplatitude></MoodMapReading><MoodMapReading><MoodMapValue>130</MoodMapValue><MoodMapLongitude>14.490206145115039</MoodMapLongitude><MoodMaplatitude>35.92380428078598</MoodMaplatitude></MoodMapReading><MoodMapReading><MoodMapValue>120</MoodMapValue><MoodMapLongitude>14.490206145115039</MoodMapLongitude><MoodMaplatitude>35.924103719214024</MoodMaplatitude></MoodMapReading></MoodMap>