<?xml version="1.0" encoding="UTF-8"?><trip><readings><reading><dateTime>1255816133</dateTime><longtitude>14.502362</longtitude><latitude>35.908422</latitude><altitude>0</altitude><mood>214</mood></reading></readings><startDateTime>1255816133</startDateTime><endDateTime>1255816133</endDateTime></trip>